<?xml version="1.0" encoding="UTF-8"?>
<!-- Generated by org.testng.reporters.JUnitXMLReporter -->
<testsuite ignored="0" hostname="DESKTOP-NPJ0122" failures="0" tests="12" name="Default test" time="33.827" errors="0" timestamp="2024-02-13T13:49:03 IST">
  <testcase classname="org.ictkerala.website.Test_ClassCrs" name="TC_C61" time="2.699"/>
  <testcase classname="org.ictkerala.website.Test_ClassCrs" name="TC_C71" time="1.115"/>
  <testcase classname="org.ictkerala.website.Test_ClassCrs" name="TC_C72" time="1.536"/>
  <testcase classname="org.ictkerala.website.Test_ClassCrs" name="TC_C73" time="1.419"/>
  <testcase classname="org.ictkerala.website.Test_ClassCrs" name="TC_C74" time="1.712"/>
  <testcase classname="org.ictkerala.website.Test_ClassCrs" name="TC_C75" time="1.706"/>
  <testcase classname="org.ictkerala.website.Test_ClassCrs" name="TC_C81" time="6.578"/>
  <testcase classname="org.ictkerala.website.Test_ClassCrs" name="TC_C82" time="0.154"/>
  <testcase classname="org.ictkerala.website.Test_ClassCrs" name="TC_C83" time="0.187"/>
  <testcase classname="org.ictkerala.website.Test_ClassCrs" name="TC_C84" time="0.297"/>
  <testcase classname="org.ictkerala.website.Test_ClassCrs" name="TC_C85" time="0.148"/>
  <testcase classname="org.ictkerala.website.Test_ClassCrs" name="TC_C86" time="0.157"/>
</testsuite> <!-- Default test -->
