<?xml version="1.0" encoding="UTF-8"?>
<!-- Generated by org.testng.reporters.JUnitXMLReporter -->
<testsuite ignored="0" hostname="DESKTOP-NPJ0122" failures="0" tests="27" name="Test" time="71.277" errors="0" timestamp="2024-02-13T13:54:22 IST">
  <testcase classname="org.ictkerala.website.Test_Class" name="TC_H11" time="0.189"/>
  <testcase classname="org.ictkerala.website.Test_Class" name="TC_H21" time="1.551"/>
  <testcase classname="org.ictkerala.website.Test_Class" name="TC_H31" time="1.944"/>
  <testcase classname="org.ictkerala.website.Test_Class" name="TC_H32" time="1.428"/>
  <testcase classname="org.ictkerala.website.Test_Class" name="TC_H33" time="1.543"/>
  <testcase classname="org.ictkerala.website.Test_Class" name="TC_H34" time="0.22"/>
  <testcase classname="org.ictkerala.website.Test_Class" name="TC_H35" time="0.337"/>
  <testcase classname="org.ictkerala.website.Test_Class" name="TC_H36" time="0.656"/>
  <testcase classname="org.ictkerala.website.Test_Class" name="TC_H41" time="5.327"/>
  <testcase classname="org.ictkerala.website.Test_Class" name="TC_H51" time="1.371"/>
  <testcase classname="org.ictkerala.website.Test_Class" name="TC_H52" time="2.699"/>
  <testcase classname="org.ictkerala.website.Test_Class" name="TC_H53" time="2.252"/>
  <testcase classname="org.ictkerala.website.Test_Class" name="TC_H54" time="2.021"/>
  <testcase classname="org.ictkerala.website.Test_Class" name="TC_H55" time="3.298"/>
  <testcase classname="org.ictkerala.website.Test_Class" name="TC_LG" time="1.077"/>
  <testcase classname="org.ictkerala.website.Test_ClassCrs" name="TC_C61" time="3.247"/>
  <testcase classname="org.ictkerala.website.Test_ClassCrs" name="TC_C71" time="1.164"/>
  <testcase classname="org.ictkerala.website.Test_ClassCrs" name="TC_C72" time="1.595"/>
  <testcase classname="org.ictkerala.website.Test_ClassCrs" name="TC_C73" time="1.463"/>
  <testcase classname="org.ictkerala.website.Test_ClassCrs" name="TC_C74" time="1.413"/>
  <testcase classname="org.ictkerala.website.Test_ClassCrs" name="TC_C75" time="1.533"/>
  <testcase classname="org.ictkerala.website.Test_ClassCrs" name="TC_C81" time="6.812"/>
  <testcase classname="org.ictkerala.website.Test_ClassCrs" name="TC_C82" time="0.151"/>
  <testcase classname="org.ictkerala.website.Test_ClassCrs" name="TC_C83" time="0.209"/>
  <testcase classname="org.ictkerala.website.Test_ClassCrs" name="TC_C84" time="0.235"/>
  <testcase classname="org.ictkerala.website.Test_ClassCrs" name="TC_C85" time="0.181"/>
  <testcase classname="org.ictkerala.website.Test_ClassCrs" name="TC_C86" time="0.176"/>
</testsuite> <!-- Test -->
