<?xml version="1.0" encoding="UTF-8"?>
<testng-results ignored="0" total="27" passed="27" failed="0" skipped="0">
  <reporter-output>
  </reporter-output>
  <suite started-at="2024-02-13T13:53:11 IST" name="Suite" finished-at="2024-02-13T13:54:22 IST" duration-ms="71277">
    <groups>
    </groups>
    <test started-at="2024-02-13T13:53:11 IST" name="Test" finished-at="2024-02-13T13:54:22 IST" duration-ms="71277">
      <class name="org.ictkerala.website.Test_ClassCrs">
        <test-method is-config="true" signature="initialisation()[pri:0, instance:org.ictkerala.website.Test_ClassCrs@45099dd3]" started-at="2024-02-13T13:53:49 IST" name="initialisation" finished-at="2024-02-13T13:54:04 IST" duration-ms="14448" status="PASS">
          <reporter-output>
          </reporter-output>
        </test-method> <!-- initialisation -->
        <test-method signature="TC_C61()[pri:1, instance:org.ictkerala.website.Test_ClassCrs@45099dd3]" started-at="2024-02-13T13:54:04 IST" name="TC_C61" finished-at="2024-02-13T13:54:07 IST" duration-ms="3247" status="PASS">
          <reporter-output>
          </reporter-output>
        </test-method> <!-- TC_C61 -->
        <test-method signature="TC_C71()[pri:2, instance:org.ictkerala.website.Test_ClassCrs@45099dd3]" started-at="2024-02-13T13:54:07 IST" name="TC_C71" finished-at="2024-02-13T13:54:08 IST" duration-ms="1164" status="PASS">
          <reporter-output>
          </reporter-output>
        </test-method> <!-- TC_C71 -->
        <test-method signature="TC_C72()[pri:3, instance:org.ictkerala.website.Test_ClassCrs@45099dd3]" started-at="2024-02-13T13:54:08 IST" name="TC_C72" finished-at="2024-02-13T13:54:10 IST" duration-ms="1595" status="PASS">
          <reporter-output>
          </reporter-output>
        </test-method> <!-- TC_C72 -->
        <test-method signature="TC_C73()[pri:4, instance:org.ictkerala.website.Test_ClassCrs@45099dd3]" started-at="2024-02-13T13:54:10 IST" name="TC_C73" finished-at="2024-02-13T13:54:11 IST" duration-ms="1463" status="PASS">
          <reporter-output>
          </reporter-output>
        </test-method> <!-- TC_C73 -->
        <test-method signature="TC_C74()[pri:5, instance:org.ictkerala.website.Test_ClassCrs@45099dd3]" started-at="2024-02-13T13:54:11 IST" name="TC_C74" finished-at="2024-02-13T13:54:13 IST" duration-ms="1413" status="PASS">
          <reporter-output>
          </reporter-output>
        </test-method> <!-- TC_C74 -->
        <test-method signature="TC_C75()[pri:6, instance:org.ictkerala.website.Test_ClassCrs@45099dd3]" started-at="2024-02-13T13:54:13 IST" name="TC_C75" finished-at="2024-02-13T13:54:14 IST" duration-ms="1533" status="PASS">
          <reporter-output>
          </reporter-output>
        </test-method> <!-- TC_C75 -->
        <test-method signature="TC_C81()[pri:8, instance:org.ictkerala.website.Test_ClassCrs@45099dd3]" started-at="2024-02-13T13:54:14 IST" name="TC_C81" finished-at="2024-02-13T13:54:21 IST" duration-ms="6812" status="PASS">
          <reporter-output>
          </reporter-output>
        </test-method> <!-- TC_C81 -->
        <test-method signature="TC_C82()[pri:9, instance:org.ictkerala.website.Test_ClassCrs@45099dd3]" started-at="2024-02-13T13:54:21 IST" name="TC_C82" finished-at="2024-02-13T13:54:21 IST" duration-ms="151" status="PASS">
          <reporter-output>
          </reporter-output>
        </test-method> <!-- TC_C82 -->
        <test-method signature="TC_C83()[pri:10, instance:org.ictkerala.website.Test_ClassCrs@45099dd3]" started-at="2024-02-13T13:54:21 IST" name="TC_C83" finished-at="2024-02-13T13:54:21 IST" duration-ms="209" status="PASS">
          <reporter-output>
          </reporter-output>
        </test-method> <!-- TC_C83 -->
        <test-method signature="TC_C84()[pri:11, instance:org.ictkerala.website.Test_ClassCrs@45099dd3]" started-at="2024-02-13T13:54:22 IST" name="TC_C84" finished-at="2024-02-13T13:54:22 IST" duration-ms="235" status="PASS">
          <reporter-output>
          </reporter-output>
        </test-method> <!-- TC_C84 -->
        <test-method signature="TC_C85()[pri:12, instance:org.ictkerala.website.Test_ClassCrs@45099dd3]" started-at="2024-02-13T13:54:22 IST" name="TC_C85" finished-at="2024-02-13T13:54:22 IST" duration-ms="181" status="PASS">
          <reporter-output>
          </reporter-output>
        </test-method> <!-- TC_C85 -->
        <test-method signature="TC_C86()[pri:13, instance:org.ictkerala.website.Test_ClassCrs@45099dd3]" started-at="2024-02-13T13:54:22 IST" name="TC_C86" finished-at="2024-02-13T13:54:22 IST" duration-ms="176" status="PASS">
          <reporter-output>
          </reporter-output>
        </test-method> <!-- TC_C86 -->
        <test-method is-config="true" signature="end()[pri:0, instance:org.ictkerala.website.Test_ClassCrs@45099dd3]" started-at="2024-02-13T13:54:22 IST" name="end" finished-at="2024-02-13T13:54:22 IST" duration-ms="7" status="PASS">
          <reporter-output>
          </reporter-output>
        </test-method> <!-- end -->
      </class> <!-- org.ictkerala.website.Test_ClassCrs -->
      <class name="org.ictkerala.website.Test_Class">
        <test-method is-config="true" signature="initialisation()[pri:0, instance:org.ictkerala.website.Test_Class@1e0b4072]" started-at="2024-02-13T13:53:11 IST" name="initialisation" finished-at="2024-02-13T13:53:23 IST" duration-ms="12393" status="PASS">
          <reporter-output>
          </reporter-output>
        </test-method> <!-- initialisation -->
        <test-method signature="TC_H11()[pri:1, instance:org.ictkerala.website.Test_Class@1e0b4072]" started-at="2024-02-13T13:53:23 IST" name="TC_H11" finished-at="2024-02-13T13:53:23 IST" duration-ms="189" status="PASS">
          <reporter-output>
          </reporter-output>
        </test-method> <!-- TC_H11 -->
        <test-method signature="TC_H21()[pri:2, instance:org.ictkerala.website.Test_Class@1e0b4072]" started-at="2024-02-13T13:53:24 IST" name="TC_H21" finished-at="2024-02-13T13:53:25 IST" duration-ms="1551" status="PASS">
          <reporter-output>
          </reporter-output>
        </test-method> <!-- TC_H21 -->
        <test-method signature="TC_H31()[pri:3, instance:org.ictkerala.website.Test_Class@1e0b4072]" started-at="2024-02-13T13:53:25 IST" name="TC_H31" finished-at="2024-02-13T13:53:27 IST" duration-ms="1944" status="PASS">
          <reporter-output>
          </reporter-output>
        </test-method> <!-- TC_H31 -->
        <test-method signature="TC_H32()[pri:4, instance:org.ictkerala.website.Test_Class@1e0b4072]" started-at="2024-02-13T13:53:27 IST" name="TC_H32" finished-at="2024-02-13T13:53:28 IST" duration-ms="1428" status="PASS">
          <reporter-output>
          </reporter-output>
        </test-method> <!-- TC_H32 -->
        <test-method signature="TC_H33()[pri:5, instance:org.ictkerala.website.Test_Class@1e0b4072]" started-at="2024-02-13T13:53:29 IST" name="TC_H33" finished-at="2024-02-13T13:53:30 IST" duration-ms="1543" status="PASS">
          <reporter-output>
          </reporter-output>
        </test-method> <!-- TC_H33 -->
        <test-method signature="TC_H34()[pri:6, instance:org.ictkerala.website.Test_Class@1e0b4072]" started-at="2024-02-13T13:53:30 IST" name="TC_H34" finished-at="2024-02-13T13:53:30 IST" duration-ms="220" status="PASS">
          <reporter-output>
          </reporter-output>
        </test-method> <!-- TC_H34 -->
        <test-method signature="TC_H35()[pri:7, instance:org.ictkerala.website.Test_Class@1e0b4072]" started-at="2024-02-13T13:53:30 IST" name="TC_H35" finished-at="2024-02-13T13:53:31 IST" duration-ms="337" status="PASS">
          <reporter-output>
          </reporter-output>
        </test-method> <!-- TC_H35 -->
        <test-method signature="TC_H36()[pri:8, instance:org.ictkerala.website.Test_Class@1e0b4072]" started-at="2024-02-13T13:53:31 IST" name="TC_H36" finished-at="2024-02-13T13:53:31 IST" duration-ms="656" status="PASS">
          <reporter-output>
          </reporter-output>
        </test-method> <!-- TC_H36 -->
        <test-method signature="TC_H41()[pri:9, instance:org.ictkerala.website.Test_Class@1e0b4072]" started-at="2024-02-13T13:53:31 IST" name="TC_H41" finished-at="2024-02-13T13:53:37 IST" duration-ms="5327" status="PASS">
          <reporter-output>
          </reporter-output>
        </test-method> <!-- TC_H41 -->
        <test-method signature="TC_H51()[pri:10, instance:org.ictkerala.website.Test_Class@1e0b4072]" started-at="2024-02-13T13:53:37 IST" name="TC_H51" finished-at="2024-02-13T13:53:38 IST" duration-ms="1371" status="PASS">
          <reporter-output>
          </reporter-output>
        </test-method> <!-- TC_H51 -->
        <test-method signature="TC_H52()[pri:11, instance:org.ictkerala.website.Test_Class@1e0b4072]" started-at="2024-02-13T13:53:38 IST" name="TC_H52" finished-at="2024-02-13T13:53:41 IST" duration-ms="2699" status="PASS">
          <reporter-output>
          </reporter-output>
        </test-method> <!-- TC_H52 -->
        <test-method signature="TC_H53()[pri:12, instance:org.ictkerala.website.Test_Class@1e0b4072]" started-at="2024-02-13T13:53:41 IST" name="TC_H53" finished-at="2024-02-13T13:53:43 IST" duration-ms="2252" status="PASS">
          <reporter-output>
          </reporter-output>
        </test-method> <!-- TC_H53 -->
        <test-method signature="TC_H54()[pri:13, instance:org.ictkerala.website.Test_Class@1e0b4072]" started-at="2024-02-13T13:53:43 IST" name="TC_H54" finished-at="2024-02-13T13:53:45 IST" duration-ms="2021" status="PASS">
          <reporter-output>
          </reporter-output>
        </test-method> <!-- TC_H54 -->
        <test-method signature="TC_H55()[pri:14, instance:org.ictkerala.website.Test_Class@1e0b4072]" started-at="2024-02-13T13:53:45 IST" name="TC_H55" finished-at="2024-02-13T13:53:48 IST" duration-ms="3298" status="PASS">
          <reporter-output>
          </reporter-output>
        </test-method> <!-- TC_H55 -->
        <test-method signature="TC_LG()[pri:15, instance:org.ictkerala.website.Test_Class@1e0b4072]" started-at="2024-02-13T13:53:48 IST" name="TC_LG" finished-at="2024-02-13T13:53:49 IST" duration-ms="1077" status="PASS">
          <reporter-output>
          </reporter-output>
        </test-method> <!-- TC_LG -->
        <test-method is-config="true" signature="end()[pri:0, instance:org.ictkerala.website.Test_Class@1e0b4072]" started-at="2024-02-13T13:53:49 IST" name="end" finished-at="2024-02-13T13:53:49 IST" duration-ms="8" status="PASS">
          <reporter-output>
          </reporter-output>
        </test-method> <!-- end -->
      </class> <!-- org.ictkerala.website.Test_Class -->
    </test> <!-- Test -->
  </suite> <!-- Suite -->
</testng-results>
